#
# There is insufficient memory for the Java Runtime Environment to continue.
# Native memory allocation (mmap) failed to map 27262976 bytes for Failed to commit area from 0x0000000088000000 to 0x0000000089a00000 of length 27262976.
# Possible reasons:
#   The system is out of physical RAM or swap space
#   The process is running with CompressedOops enabled, and the Java Heap may be blocking the growth of the native heap
# Possible solutions:
#   Reduce memory load on the system
#   Increase physical memory or swap space
#   Check if swap backing store is full
#   Decrease Java heap size (-Xmx/-Xms)
#   Decrease number of Java threads
#   Decrease Java thread stack sizes (-Xss)
#   Set larger code cache with -XX:ReservedCodeCacheSize=
#   JVM is running with Unscaled Compressed Oops mode in which the Java heap is
#     placed in the first 4GB address space. The Java Heap base address is the
#     maximum limit for the native heap growth. Please use -XX:HeapBaseMinAddress
#     to set the Java Heap base and to place the Java Heap above 4GB virtual address.
# This output file may be truncated or incomplete.
#
#  Out of Memory Error (./open/src/hotspot/os/windows/os_windows.cpp:3276), pid=10656, tid=1332
#
# JRE version: Java(TM) SE Runtime Environment 18.9 (11.0.13+10) (build 11.0.13+10-LTS-370)
# Java VM: Java HotSpot(TM) 64-Bit Server VM 18.9 (11.0.13+10-LTS-370, mixed mode, tiered, compressed oops, g1 gc, windows-amd64)
# No core dump will be written. Minidumps are not enabled by default on client versions of Windows
#

---------------  S U M M A R Y ------------

Command Line: -Dcom.sun.management.jmxremote -Dcom.sun.management.jmxremote.port=54042 -Dcom.sun.management.jmxremote.authenticate=false -Dcom.sun.management.jmxremote.ssl=false -Djava.rmi.server.hostname=localhost -Dspring.jmx.enabled=true -Dspring.application.admin.enabled=true -XX:TieredStopAtLevel=1 -Dspring.boot.project.name=PensionerDetailMicroserviceSecurity -Dfile.encoding=UTF-8 com.demo.PensionerDetailMicroserviceSecurityApplication --spring.output.ansi.enabled=always

Host: Intel(R) Xeon(R) Platinum 8272CL CPU @ 2.60GHz, 2 cores, 7G,  Windows 10 , 64 bit Build 19041 (10.0.19041.1706)
Time: Fri Jun  3 15:52:48 2022 Coordinated Universal Time elapsed time: 4.190610 seconds (0d 0h 0m 4s)

---------------  T H R E A D  ---------------

Current thread (0x000001ca6b35e000):  VMThread "VM Thread" [stack: 0x000000b820100000,0x000000b820200000] [id=1332]

Stack: [0x000000b820100000,0x000000b820200000]
[error occurred during error reporting (printing stack bounds), id 0xc0000005, EXCEPTION_ACCESS_VIOLATION (0xc0000005) at pc=0x000001ca557910e7]

Native frames: (J=compiled Java code, j=interpreted, Vv=VM code, C=native code)
V  [jvm.dll+0x62870a]
V  [jvm.dll+0x761f2f]
V  [jvm.dll+0x7635d9]
V  [jvm.dll+0x763bc5]
V  [jvm.dll+0x763b7b]
V  [jvm.dll+0x627c53]
V  [jvm.dll+0x628308]
C  [ntdll.dll+0xa209f]
C  [ntdll.dll+0x51454]
C  [ntdll.dll+0xa0bce]
C  0x000001ca557910e7

VM_Operation (0x000000b8213fb970): G1CollectForAllocation, mode: safepoint, requested by thread 0x000001ca6d3b3000


---------------  P R O C E S S  ---------------

Threads class SMR info:
_java_thread_list=0x000001ca6d767b80, length=17, elements={
0x000001ca4e170800, 0x000001ca6b360000, 0x000001ca6b36c000, 0x000001ca6bcf2800,
0x000001ca6b37f000, 0x000001ca6b37f800, 0x000001ca6b38d000, 0x000001ca6bd14000,
0x000001ca6be15800, 0x000001ca6c577000, 0x000001ca6c556800, 0x000001ca6c55a800,
0x000001ca6d17d000, 0x000001ca6d20d800, 0x000001ca6d20e000, 0x000001ca6d22e000,
0x000001ca6d3b3000
}

Java Threads: ( => current thread )
  0x000001ca4e170800 JavaThread "main" [_thread_blocked, id=13260, stack(0x000000b81fb00000,0x000000b81fc00000)]
  0x000001ca6b360000 JavaThread "Reference Handler" daemon [_thread_blocked, id=7020, stack(0x000000b820200000,0x000000b820300000)]
  0x000001ca6b36c000 JavaThread "Finalizer" daemon [_thread_blocked, id=13036, stack(0x000000b820300000,0x000000b820400000)]
  0x000001ca6bcf2800 JavaThread "Signal Dispatcher" daemon [_thread_blocked, id=11044, stack(0x000000b820400000,0x000000b820500000)]
  0x000001ca6b37f000 JavaThread "Attach Listener" daemon [_thread_blocked, id=9360, stack(0x000000b820500000,0x000000b820600000)]
  0x000001ca6b37f800 JavaThread "Service Thread" daemon [_thread_blocked, id=7560, stack(0x000000b820600000,0x000000b820700000)]
  0x000001ca6b38d000 JavaThread "C1 CompilerThread0" daemon [_thread_blocked, id=10304, stack(0x000000b820700000,0x000000b820800000)]
  0x000001ca6bd14000 JavaThread "Sweeper thread" daemon [_thread_blocked, id=12424, stack(0x000000b820800000,0x000000b820900000)]
  0x000001ca6be15800 JavaThread "Common-Cleaner" daemon [_thread_blocked, id=4720, stack(0x000000b820900000,0x000000b820a00000)]
  0x000001ca6c577000 JavaThread "RMI TCP Accept-0" daemon [_thread_in_native, id=10468, stack(0x000000b820b00000,0x000000b820c00000)]
  0x000001ca6c556800 JavaThread "RMI TCP Accept-54042" daemon [_thread_in_native, id=6048, stack(0x000000b820c00000,0x000000b820d00000)]
  0x000001ca6c55a800 JavaThread "RMI TCP Accept-0" daemon [_thread_in_native, id=10492, stack(0x000000b820d00000,0x000000b820e00000)]
  0x000001ca6d17d000 JavaThread "RMI TCP Connection(1)-127.0.0.1" daemon [_thread_in_native, id=12476, stack(0x000000b820f00000,0x000000b821000000)]
  0x000001ca6d20d800 JavaThread "RMI Scheduler(0)" daemon [_thread_blocked, id=436, stack(0x000000b821000000,0x000000b821100000)]
  0x000001ca6d20e000 JavaThread "RMI TCP Connection(2)-127.0.0.1" daemon [_thread_in_native, id=9300, stack(0x000000b821100000,0x000000b821200000)]
  0x000001ca6d22e000 JavaThread "JMX server connection timeout 18" daemon [_thread_blocked, id=8112, stack(0x000000b821200000,0x000000b821300000)]
  0x000001ca6d3b3000 JavaThread "background-preinit" [_thread_blocked, id=12008, stack(0x000000b821300000,0x000000b821400000)]

Other Threads:
=>0x000001ca6b35e000 VMThread "VM Thread" [stack: 0x000000b820100000,0x000000b820200000] [id=1332]
  0x000001ca6c582800 WatcherThread [stack: 0x000000b820e00000,0x000000b820f00000] [id=2036]
  0x000001ca4e181000 GCTaskThread "GC Thread#0" [stack: 0x000000b81fc00000,0x000000b81fd00000] [id=2844]
  0x000001ca6c0ae800 GCTaskThread "GC Thread#1" [stack: 0x000000b820a00000,0x000000b820b00000] [id=5400]
  0x000001ca4e1b1800 ConcurrentGCThread "G1 Main Marker" [stack: 0x000000b81fd00000,0x000000b81fe00000] [id=10104]
  0x000001ca4e1b3800 ConcurrentGCThread "G1 Conc#0" [stack: 0x000000b81fe00000,0x000000b81ff00000] [id=8516]
  0x000001ca4e23e000 ConcurrentGCThread "G1 Refine#0" [stack: 0x000000b81ff00000,0x000000b820000000] [id=10660]
  0x000001ca6b1b0800 ConcurrentGCThread "G1 Young RemSet Sampling" [stack: 0x000000b820000000,0x000000b820100000] [id=4392]

Threads with active compile tasks:

VM state:at safepoint (normal execution)

VM Mutex/Monitor currently owned by a thread:  ([mutex/lock_event])
[0x000001ca4e16cec0] Threads_lock - owner thread: 0x000001ca6b35e000
[0x000001ca4e16cf50] Heap_lock - owner thread: 0x000001ca6d3b3000

Heap address: 0x0000000080000000, size: 2048 MB, Compressed Oops mode: 32-bit
Narrow klass base: 0x0000000000000000, Narrow klass shift: 3
Compressed class space size: 1073741824 Address: 0x0000000100000000

Heap:
 garbage-first heap   total 157696K, used 13214K [0x0000000080000000, 0x0000000100000000)
  region size 1024K, 3 young (3072K), 3 survivors (3072K)
 Metaspace       used 26305K, capacity 27134K, committed 27264K, reserved 1073152K
  class space    used 3333K, capacity 3678K, committed 3712K, reserved 1048576K
Heap Regions: E=young(eden), S=young(survivor), O=old, HS=humongous(starts), HC=humongous(continues), CS=collection set, F=free, A=archive, TAMS=top-at-mark-start (previous, next)
|   0|0x0000000080000000, 0x0000000080100000, 0x0000000080100000|100%|HS|  |TAMS 0x0000000080100000, 0x0000000080000000| Complete 
|   1|0x0000000080100000, 0x0000000080200000, 0x0000000080200000|100%| O|  |TAMS 0x0000000080200000, 0x0000000080100000| Untracked 
|   2|0x0000000080200000, 0x0000000080300000, 0x0000000080300000|100%| O|  |TAMS 0x0000000080300000, 0x0000000080200000| Untracked 
|   3|0x0000000080300000, 0x0000000080400000, 0x0000000080400000|100%| O|  |TAMS 0x0000000080400000, 0x0000000080300000| Untracked 
|   4|0x0000000080400000, 0x0000000080500000, 0x0000000080500000|100%| O|  |TAMS 0x0000000080500000, 0x0000000080400000| Untracked 
|   5|0x0000000080500000, 0x0000000080600000, 0x0000000080600000|100%| O|  |TAMS 0x0000000080600000, 0x0000000080500000| Untracked 
|   6|0x0000000080600000, 0x0000000080700000, 0x0000000080700000|100%| O|  |TAMS 0x0000000080700000, 0x0000000080600000| Untracked 
|   7|0x0000000080700000, 0x0000000080800000, 0x0000000080800000|100%| O|  |TAMS 0x0000000080800000, 0x0000000080700000| Untracked 
|   8|0x0000000080800000, 0x0000000080900000, 0x0000000080900000|100%| O|  |TAMS 0x000000008081b000, 0x0000000080800000| Untracked 
|   9|0x0000000080900000, 0x0000000080a00000, 0x0000000080a00000|100%| O|  |TAMS 0x0000000080900000, 0x0000000080900000| Untracked 
|  10|0x0000000080a00000, 0x0000000080a2a800, 0x0000000080b00000| 16%| O|  |TAMS 0x0000000080a00000, 0x0000000080a00000| Untracked 
|  11|0x0000000080b00000, 0x0000000080b00000, 0x0000000080c00000|  0%| F|  |TAMS 0x0000000080b00000, 0x0000000080b00000| Untracked 
|  12|0x0000000080c00000, 0x0000000080c00000, 0x0000000080d00000|  0%| F|  |TAMS 0x0000000080c00000, 0x0000000080c00000| Untracked 
|  13|0x0000000080d00000, 0x0000000080d00000, 0x0000000080e00000|  0%| F|  |TAMS 0x0000000080d00000, 0x0000000080d00000| Untracked 
|  14|0x0000000080e00000, 0x0000000080e00000, 0x0000000080f00000|  0%| F|  |TAMS 0x0000000080e00000, 0x0000000080e00000| Untracked 
|  15|0x0000000080f00000, 0x0000000080f00000, 0x0000000081000000|  0%| F|  |TAMS 0x0000000080f00000, 0x0000000080f00000| Untracked 
|  16|0x0000000081000000, 0x0000000081000000, 0x0000000081100000|  0%| F|  |TAMS 0x0000000081000000, 0x0000000081000000| Untracked 
|  17|0x0000000081100000, 0x0000000081100000, 0x0000000081200000|  0%| F|  |TAMS 0x0000000081100000, 0x0000000081100000| Untracked 
|  18|0x0000000081200000, 0x0000000081200000, 0x0000000081300000|  0%| F|  |TAMS 0x0000000081200000, 0x0000000081200000| Untracked 
|  19|0x0000000081300000, 0x0000000081300000, 0x0000000081400000|  0%| F|  |TAMS 0x0000000081300000, 0x0000000081300000| Untracked 
|  20|0x0000000081400000, 0x0000000081400000, 0x0000000081500000|  0%| F|  |TAMS 0x0000000081400000, 0x0000000081400000| Untracked 
|  21|0x0000000081500000, 0x0000000081500000, 0x0000000081600000|  0%| F|  |TAMS 0x0000000081500000, 0x0000000081500000| Untracked 
|  22|0x0000000081600000, 0x0000000081600000, 0x0000000081700000|  0%| F|  |TAMS 0x0000000081600000, 0x0000000081600000| Untracked 
|  23|0x0000000081700000, 0x0000000081700000, 0x0000000081800000|  0%| F|  |TAMS 0x0000000081700000, 0x0000000081700000| Untracked 
|  24|0x0000000081800000, 0x0000000081800000, 0x0000000081900000|  0%| F|  |TAMS 0x0000000081800000, 0x0000000081800000| Untracked 
|  25|0x0000000081900000, 0x0000000081900000, 0x0000000081a00000|  0%| F|  |TAMS 0x0000000081900000, 0x0000000081900000| Untracked 
|  26|0x0000000081a00000, 0x0000000081a00000, 0x0000000081b00000|  0%| F|  |TAMS 0x0000000081a00000, 0x0000000081a00000| Untracked 
|  27|0x0000000081b00000, 0x0000000081b00000, 0x0000000081c00000|  0%| F|  |TAMS 0x0000000081b00000, 0x0000000081b00000| Untracked 
|  28|0x0000000081c00000, 0x0000000081c00000, 0x0000000081d00000|  0%| F|  |TAMS 0x0000000081c00000, 0x0000000081c00000| Untracked 
|  29|0x0000000081d00000, 0x0000000081d00000, 0x0000000081e00000|  0%| F|  |TAMS 0x0000000081d00000, 0x0000000081d00000| Untracked 
|  30|0x0000000081e00000, 0x0000000081e00000, 0x0000000081f00000|  0%| F|  |TAMS 0x0000000081e00000, 0x0000000081e00000| Untracked 
|  31|0x0000000081f00000, 0x0000000081f00000, 0x0000000082000000|  0%| F|  |TAMS 0x0000000081f00000, 0x0000000081f00000| Untracked 
|  32|0x0000000082000000, 0x0000000082000000, 0x0000000082100000|  0%| F|  |TAMS 0x0000000082000000, 0x0000000082000000| Untracked 
|  33|0x0000000082100000, 0x0000000082100000, 0x0000000082200000|  0%| F|  |TAMS 0x0000000082100000, 0x0000000082100000| Untracked 
|  34|0x0000000082200000, 0x0000000082200000, 0x0000000082300000|  0%| F|  |TAMS 0x0000000082200000, 0x0000000082200000| Untracked 
|  35|0x0000000082300000, 0x0000000082300000, 0x0000000082400000|  0%| F|  |TAMS 0x0000000082300000, 0x0000000082300000| Untracked 
|  36|0x0000000082400000, 0x0000000082400000, 0x0000000082500000|  0%| F|  |TAMS 0x0000000082400000, 0x0000000082400000| Untracked 
|  37|0x0000000082500000, 0x0000000082500000, 0x0000000082600000|  0%| F|  |TAMS 0x0000000082500000, 0x0000000082500000| Untracked 
|  38|0x0000000082600000, 0x0000000082600000, 0x0000000082700000|  0%| F|  |TAMS 0x0000000082600000, 0x0000000082600000| Untracked 
|  39|0x0000000082700000, 0x0000000082700000, 0x0000000082800000|  0%| F|  |TAMS 0x0000000082700000, 0x0000000082700000| Untracked 
|  40|0x0000000082800000, 0x0000000082800000, 0x0000000082900000|  0%| F|  |TAMS 0x0000000082800000, 0x0000000082800000| Untracked 
|  41|0x0000000082900000, 0x0000000082900000, 0x0000000082a00000|  0%| F|  |TAMS 0x0000000082900000, 0x0000000082900000| Untracked 
|  42|0x0000000082a00000, 0x0000000082a00000, 0x0000000082b00000|  0%| F|  |TAMS 0x0000000082a00000, 0x0000000082a00000| Untracked 
|  43|0x0000000082b00000, 0x0000000082b00000, 0x0000000082c00000|  0%| F|  |TAMS 0x0000000082b00000, 0x0000000082b00000| Untracked 
|  44|0x0000000082c00000, 0x0000000082c00000, 0x0000000082d00000|  0%| F|  |TAMS 0x0000000082c00000, 0x0000000082c00000| Untracked 
|  45|0x0000000082d00000, 0x0000000082d00000, 0x0000000082e00000|  0%| F|  |TAMS 0x0000000082d00000, 0x0000000082d00000| Untracked 
|  46|0x0000000082e00000, 0x0000000082e00000, 0x0000000082f00000|  0%| F|  |TAMS 0x0000000082e00000, 0x0000000082e00000| Untracked 
|  47|0x0000000082f00000, 0x0000000082f00000, 0x0000000083000000|  0%| F|  |TAMS 0x0000000082f00000, 0x0000000082f00000| Untracked 
|  48|0x0000000083000000, 0x0000000083000000, 0x0000000083100000|  0%| F|  |TAMS 0x0000000083000000, 0x0000000083000000| Untracked 
|  49|0x0000000083100000, 0x0000000083100000, 0x0000000083200000|  0%| F|  |TAMS 0x0000000083100000, 0x0000000083100000| Untracked 
|  50|0x0000000083200000, 0x0000000083200000, 0x0000000083300000|  0%| F|  |TAMS 0x0000000083200000, 0x0000000083200000| Untracked 
|  51|0x0000000083300000, 0x0000000083300000, 0x0000000083400000|  0%| F|  |TAMS 0x0000000083300000, 0x0000000083300000| Untracked 
|  52|0x0000000083400000, 0x0000000083400000, 0x0000000083500000|  0%| F|  |TAMS 0x0000000083400000, 0x0000000083400000| Untracked 
|  53|0x0000000083500000, 0x0000000083500000, 0x0000000083600000|  0%| F|  |TAMS 0x0000000083500000, 0x0000000083500000| Untracked 
|  54|0x0000000083600000, 0x0000000083600000, 0x0000000083700000|  0%| F|  |TAMS 0x0000000083600000, 0x0000000083600000| Untracked 
|  55|0x0000000083700000, 0x0000000083700000, 0x0000000083800000|  0%| F|  |TAMS 0x0000000083700000, 0x0000000083700000| Untracked 
|  56|0x0000000083800000, 0x0000000083800000, 0x0000000083900000|  0%| F|  |TAMS 0x0000000083800000, 0x0000000083800000| Untracked 
|  57|0x0000000083900000, 0x0000000083900000, 0x0000000083a00000|  0%| F|  |TAMS 0x0000000083900000, 0x0000000083900000| Untracked 
|  58|0x0000000083a00000, 0x0000000083a00000, 0x0000000083b00000|  0%| F|  |TAMS 0x0000000083a00000, 0x0000000083a00000| Untracked 
|  59|0x0000000083b00000, 0x0000000083b00000, 0x0000000083c00000|  0%| F|  |TAMS 0x0000000083b00000, 0x0000000083b00000| Untracked 
|  60|0x0000000083c00000, 0x0000000083c00000, 0x0000000083d00000|  0%| F|  |TAMS 0x0000000083c00000, 0x0000000083c00000| Untracked 
|  61|0x0000000083d00000, 0x0000000083d00000, 0x0000000083e00000|  0%| F|  |TAMS 0x0000000083d00000, 0x0000000083d00000| Untracked 
|  62|0x0000000083e00000, 0x0000000083e00000, 0x0000000083f00000|  0%| F|  |TAMS 0x0000000083e00000, 0x0000000083e00000| Untracked 
|  63|0x0000000083f00000, 0x0000000083f00000, 0x0000000084000000|  0%| F|  |TAMS 0x0000000083f00000, 0x0000000083f00000| Untracked 
|  64|0x0000000084000000, 0x0000000084000000, 0x0000000084100000|  0%| F|  |TAMS 0x0000000084000000, 0x0000000084000000| Untracked 
|  65|0x0000000084100000, 0x0000000084100000, 0x0000000084200000|  0%| F|  |TAMS 0x0000000084100000, 0x0000000084100000| Untracked 
|  66|0x0000000084200000, 0x0000000084200000, 0x0000000084300000|  0%| F|  |TAMS 0x0000000084200000, 0x0000000084200000| Untracked 
|  67|0x0000000084300000, 0x0000000084300000, 0x0000000084400000|  0%| F|  |TAMS 0x0000000084300000, 0x0000000084300000| Untracked 
|  68|0x0000000084400000, 0x0000000084400000, 0x0000000084500000|  0%| F|  |TAMS 0x0000000084400000, 0x0000000084400000| Untracked 
|  69|0x0000000084500000, 0x0000000084500000, 0x0000000084600000|  0%| F|  |TAMS 0x0000000084500000, 0x0000000084500000| Untracked 
|  70|0x0000000084600000, 0x00000000846bd390, 0x0000000084700000| 73%| S|CS|TAMS 0x0000000084600000, 0x0000000084600000| Complete 
|  71|0x0000000084700000, 0x0000000084800000, 0x0000000084800000|100%| S|CS|TAMS 0x0000000084700000, 0x0000000084700000| Complete 
|  72|0x0000000084800000, 0x0000000084900000, 0x0000000084900000|100%| S|CS|TAMS 0x0000000084800000, 0x0000000084800000| Complete 
|  73|0x0000000084900000, 0x0000000084900000, 0x0000000084a00000|  0%| F|  |TAMS 0x0000000084900000, 0x0000000084900000| Untracked 
|  74|0x0000000084a00000, 0x0000000084a00000, 0x0000000084b00000|  0%| F|  |TAMS 0x0000000084a00000, 0x0000000084a00000| Untracked 
|  75|0x0000000084b00000, 0x0000000084b00000, 0x0000000084c00000|  0%| F|  |TAMS 0x0000000084b00000, 0x0000000084b00000| Untracked 
|  76|0x0000000084c00000, 0x0000000084c00000, 0x0000000084d00000|  0%| F|  |TAMS 0x0000000084c00000, 0x0000000084c00000| Untracked 
|  77|0x0000000084d00000, 0x0000000084d00000, 0x0000000084e00000|  0%| F|  |TAMS 0x0000000084d00000, 0x0000000084d00000| Untracked 
|  78|0x0000000084e00000, 0x0000000084e00000, 0x0000000084f00000|  0%| F|  |TAMS 0x0000000084e00000, 0x0000000084e00000| Untracked 
|  79|0x0000000084f00000, 0x0000000084f00000, 0x0000000085000000|  0%| F|  |TAMS 0x0000000084f00000, 0x0000000084f00000| Untracked 
|  80|0x0000000085000000, 0x0000000085000000, 0x0000000085100000|  0%| F|  |TAMS 0x0000000085000000, 0x0000000085000000| Untracked 
|  81|0x0000000085100000, 0x0000000085100000, 0x0000000085200000|  0%| F|  |TAMS 0x0000000085100000, 0x0000000085100000| Untracked 
|  82|0x0000000085200000, 0x0000000085200000, 0x0000000085300000|  0%| F|  |TAMS 0x0000000085200000, 0x0000000085200000| Untracked 
|  83|0x0000000085300000, 0x0000000085300000, 0x0000000085400000|  0%| F|  |TAMS 0x0000000085300000, 0x0000000085300000| Untracked 
|  84|0x0000000085400000, 0x0000000085400000, 0x0000000085500000|  0%| F|  |TAMS 0x0000000085400000, 0x0000000085400000| Untracked 
|  85|0x0000000085500000, 0x0000000085500000, 0x0000000085600000|  0%| F|  |TAMS 0x0000000085500000, 0x0000000085500000| Untracked 
|  86|0x0000000085600000, 0x0000000085600000, 0x0000000085700000|  0%| F|  |TAMS 0x0000000085600000, 0x0000000085600000| Untracked 
|  87|0x0000000085700000, 0x0000000085700000, 0x0000000085800000|  0%| F|  |TAMS 0x0000000085700000, 0x0000000085700000| Untracked 
|  88|0x0000000085800000, 0x0000000085800000, 0x0000000085900000|  0%| F|  |TAMS 0x0000000085800000, 0x0000000085800000| Untracked 
|  89|0x0000000085900000, 0x0000000085900000, 0x0000000085a00000|  0%| F|  |TAMS 0x0000000085900000, 0x0000000085900000| Untracked 
|  90|0x0000000085a00000, 0x0000000085a00000, 0x0000000085b00000|  0%| F|  |TAMS 0x0000000085a00000, 0x0000000085a00000| Untracked 
|  91|0x0000000085b00000, 0x0000000085b00000, 0x0000000085c00000|  0%| F|  |TAMS 0x0000000085b00000, 0x0000000085b00000| Untracked 
|  92|0x0000000085c00000, 0x0000000085c00000, 0x0000000085d00000|  0%| F|  |TAMS 0x0000000085c00000, 0x0000000085c00000| Untracked 
|  93|0x0000000085d00000, 0x0000000085d00000, 0x0000000085e00000|  0%| F|  |TAMS 0x0000000085d00000, 0x0000000085d00000| Untracked 
|  94|0x0000000085e00000, 0x0000000085e00000, 0x0000000085f00000|  0%| F|  |TAMS 0x0000000085e00000, 0x0000000085e00000| Untracked 
|  95|0x0000000085f00000, 0x0000000085f00000, 0x0000000086000000|  0%| F|  |TAMS 0x0000000085f00000, 0x0000000085f00000| Untracked 
|  96|0x0000000086000000, 0x0000000086000000, 0x0000000086100000|  0%| F|  |TAMS 0x0000000086000000, 0x0000000086000000| Untracked 
|  97|0x0000000086100000, 0x0000000086100000, 0x0000000086200000|  0%| F|  |TAMS 0x0000000086100000, 0x0000000086100000| Untracked 
|  98|0x0000000086200000, 0x0000000086200000, 0x0000000086300000|  0%| F|  |TAMS 0x0000000086200000, 0x0000000086200000| Untracked 
|  99|0x0000000086300000, 0x0000000086300000, 0x0000000086400000|  0%| F|  |TAMS 0x0000000086300000, 0x0000000086300000| Untracked 
| 100|0x0000000086400000, 0x0000000086400000, 0x0000000086500000|  0%| F|  |TAMS 0x0000000086400000, 0x0000000086400000| Untracked 
| 101|0x0000000086500000, 0x0000000086500000, 0x0000000086600000|  0%| F|  |TAMS 0x0000000086500000, 0x0000000086500000| Untracked 
| 102|0x0000000086600000, 0x0000000086600000, 0x0000000086700000|  0%| F|  |TAMS 0x0000000086600000, 0x0000000086600000| Untracked 
| 103|0x0000000086700000, 0x0000000086700000, 0x0000000086800000|  0%| F|  |TAMS 0x0000000086700000, 0x0000000086700000| Untracked 
| 104|0x0000000086800000, 0x0000000086800000, 0x0000000086900000|  0%| F|  |TAMS 0x0000000086800000, 0x0000000086800000| Untracked 
| 105|0x0000000086900000, 0x0000000086900000, 0x0000000086a00000|  0%| F|  |TAMS 0x0000000086900000, 0x0000000086900000| Untracked 
| 106|0x0000000086a00000, 0x0000000086a00000, 0x0000000086b00000|  0%| F|  |TAMS 0x0000000086a00000, 0x0000000086a00000| Untracked 
| 107|0x0000000086b00000, 0x0000000086b00000, 0x0000000086c00000|  0%| F|  |TAMS 0x0000000086b00000, 0x0000000086b00000| Untracked 
| 108|0x0000000086c00000, 0x0000000086c00000, 0x0000000086d00000|  0%| F|  |TAMS 0x0000000086c00000, 0x0000000086c00000| Untracked 
| 109|0x0000000086d00000, 0x0000000086d00000, 0x0000000086e00000|  0%| F|  |TAMS 0x0000000086d00000, 0x0000000086d00000| Untracked 
| 110|0x0000000086e00000, 0x0000000086e00000, 0x0000000086f00000|  0%| F|  |TAMS 0x0000000086e00000, 0x0000000086e00000| Untracked 
| 111|0x0000000086f00000, 0x0000000086f00000, 0x0000000087000000|  0%| F|  |TAMS 0x0000000086f00000, 0x0000000086f00000| Untracked 
| 112|0x0000000087000000, 0x0000000087000000, 0x0000000087100000|  0%| F|  |TAMS 0x0000000087000000, 0x0000000087000000| Untracked 
| 113|0x0000000087100000, 0x0000000087100000, 0x0000000087200000|  0%| F|  |TAMS 0x0000000087100000, 0x0000000087100000| Untracked 
| 114|0x0000000087200000, 0x0000000087200000, 0x0000000087300000|  0%| F|  |TAMS 0x0000000087200000, 0x0000000087200000| Untracked 
| 115|0x0000000087300000, 0x0000000087300000, 0x0000000087400000|  0%| F|  |TAMS 0x0000000087300000, 0x0000000087300000| Untracked 
| 116|0x0000000087400000, 0x0000000087400000, 0x0000000087500000|  0%| F|  |TAMS 0x0000000087400000, 0x0000000087400000| Untracked 
| 117|0x0000000087500000, 0x0000000087500000, 0x0000000087600000|  0%| F|  |TAMS 0x0000000087500000, 0x0000000087500000| Untracked 
| 118|0x0000000087600000, 0x0000000087600000, 0x0000000087700000|  0%| F|  |TAMS 0x0000000087600000, 0x0000000087600000| Untracked 
| 119|0x0000000087700000, 0x0000000087700000, 0x0000000087800000|  0%| F|  |TAMS 0x0000000087700000, 0x0000000087700000| Untracked 
| 120|0x0000000087800000, 0x0000000087800000, 0x0000000087900000|  0%| F|  |TAMS 0x0000000087800000, 0x0000000087800000| Untracked 
| 121|0x0000000087900000, 0x0000000087900000, 0x0000000087a00000|  0%| F|  |TAMS 0x0000000087900000, 0x0000000087900000| Untracked 
| 122|0x0000000087a00000, 0x0000000087a00000, 0x0000000087b00000|  0%| F|  |TAMS 0x0000000087a00000, 0x0000000087a00000| Untracked 
| 123|0x0000000087b00000, 0x0000000087b00000, 0x0000000087c00000|  0%| F|  |TAMS 0x0000000087b00000, 0x0000000087b00000| Untracked 
| 124|0x0000000087c00000, 0x0000000087c00000, 0x0000000087d00000|  0%| F|  |TAMS 0x0000000087c00000, 0x0000000087c00000| Untracked 
| 125|0x0000000087d00000, 0x0000000087d00000, 0x0000000087e00000|  0%| F|  |TAMS 0x0000000087d00000, 0x0000000087d00000| Untracked 
| 126|0x0000000087e00000, 0x0000000087e00000, 0x0000000087f00000|  0%| F|  |TAMS 0x0000000087e00000, 0x0000000087e00000| Untracked 
| 127|0x0000000087f00000, 0x0000000087f00000, 0x0000000088000000|  0%| F|  |TAMS 0x0000000087f00000, 0x0000000087f00000| Untracked 

Card table byte_map: [0x000001ca64790000,0x000001ca64b90000] _byte_map_base: 0x000001ca64390000

Marking Bits (Prev, Next): (CMBitMap*) 0x000001ca4e1a8890, (CMBitMap*) 0x000001ca4e1a8858
 Prev Bits: [0x000001ca66f90000, 0x000001ca68f90000)
 Next Bits: [0x000001ca64f90000, 0x000001ca66f90000)

Polling page: 0x000001ca4c0a0000

Metaspace:

Usage:
  Non-class:     22.91 MB capacity,    22.43 MB ( 98%) used,   393.50 KB (  2%) free+waste,    90.13 KB ( <1%) overhead. 
      Class:      3.59 MB capacity,     3.26 MB ( 91%) used,   296.23 KB (  8%) free+waste,    48.38 KB (  1%) overhead. 
       Both:     26.50 MB capacity,    25.69 MB ( 97%) used,   689.73 KB (  3%) free+waste,   138.50 KB ( <1%) overhead. 

Virtual space:
  Non-class space:       24.00 MB reserved,      23.00 MB ( 96%) committed 
      Class space:        1.00 GB reserved,       3.63 MB ( <1%) committed 
             Both:        1.02 GB reserved,      26.63 MB (  3%) committed 

Chunk freelists:
   Non-Class:  4.00 KB
       Class:  256 bytes
        Both:  4.25 KB

CodeHeap 'non-profiled nmethods': size=239488Kb used=3236Kb max_used=3236Kb free=236252Kb
 bounds [0x000001ca55db0000, 0x000001ca560e0000, 0x000001ca64790000]
CodeHeap 'non-nmethods': size=6272Kb used=1164Kb max_used=1164Kb free=5107Kb
 bounds [0x000001ca55790000, 0x000001ca55a00000, 0x000001ca55db0000]
 total_blobs=2768 nmethods=2285 adapters=409
 compilation: enabled
              stopped_count=0, restarted_count=0
 full_count=0

Compilation events (10 events):
Event: 4.162 Thread 0x000001ca6b38d000 2281       1       java.lang.System::checkKey (34 bytes)
Event: 4.162 Thread 0x000001ca6b38d000 nmethod 2281 0x000001ca560d7a10 code [0x000001ca560d7be0, 0x000001ca560d7e08]
Event: 4.174 Thread 0x000001ca6b38d000 2282       1       java.lang.Exception::<init> (7 bytes)
Event: 4.175 Thread 0x000001ca6b38d000 nmethod 2282 0x000001ca560d7f10 code [0x000001ca560d80a0, 0x000001ca560d8168]
Event: 4.175 Thread 0x000001ca6b38d000 2283       1       java.lang.Throwable::<init> (39 bytes)
Event: 4.175 Thread 0x000001ca6b38d000 nmethod 2283 0x000001ca560d8210 code [0x000001ca560d83e0, 0x000001ca560d88e8]
Event: 4.175 Thread 0x000001ca6b38d000 2284       1       java.lang.ClassNotFoundException::<init> (7 bytes)
Event: 4.175 Thread 0x000001ca6b38d000 nmethod 2284 0x000001ca560d8a10 code [0x000001ca560d8ba0, 0x000001ca560d8c88]
Event: 4.175 Thread 0x000001ca6b38d000 2285       1       java.lang.ReflectiveOperationException::<init> (7 bytes)
Event: 4.175 Thread 0x000001ca6b38d000 nmethod 2285 0x000001ca560d8d10 code [0x000001ca560d8ea0, 0x000001ca560d8f68]

GC Heap History (10 events):
Event: 1.394 GC heap after
{Heap after GC invocations=2 (full 0):
 garbage-first heap   total 131072K, used 5578K [0x0000000080000000, 0x0000000100000000)
  region size 1024K, 1 young (1024K), 1 survivors (1024K)
 Metaspace       used 5933K, capacity 6014K, committed 6272K, reserved 1056768K
  class space    used 527K, capacity 535K, committed 640K, reserved 1048576K
}
Event: 2.045 GC heap before
{Heap before GC invocations=2 (full 0):
 garbage-first heap   total 131072K, used 15818K [0x0000000080000000, 0x0000000100000000)
  region size 1024K, 12 young (12288K), 1 survivors (1024K)
 Metaspace       used 12309K, capacity 12551K, committed 12800K, reserved 1060864K
  class space    used 1310K, capacity 1434K, committed 1536K, reserved 1048576K
}
Event: 2.051 GC heap after
{Heap after GC invocations=3 (full 0):
 garbage-first heap   total 131072K, used 8306K [0x0000000080000000, 0x0000000100000000)
  region size 1024K, 2 young (2048K), 2 survivors (2048K)
 Metaspace       used 12309K, capacity 12551K, committed 12800K, reserved 1060864K
  class space    used 1310K, capacity 1434K, committed 1536K, reserved 1048576K
}
Event: 3.326 GC heap before
{Heap before GC invocations=3 (full 0):
 garbage-first heap   total 131072K, used 46194K [0x0000000080000000, 0x0000000100000000)
  region size 1024K, 39 young (39936K), 2 survivors (2048K)
 Metaspace       used 18388K, capacity 18937K, committed 19072K, reserved 1067008K
  class space    used 2132K, capacity 2363K, committed 2432K, reserved 1048576K
}
Event: 3.336 GC heap after
{Heap after GC invocations=4 (full 0):
 garbage-first heap   total 131072K, used 10694K [0x0000000080000000, 0x0000000100000000)
  region size 1024K, 5 young (5120K), 5 survivors (5120K)
 Metaspace       used 18388K, capacity 18937K, committed 19072K, reserved 1067008K
  class space    used 2132K, capacity 2363K, committed 2432K, reserved 1048576K
}
Event: 3.561 GC heap before
{Heap before GC invocations=4 (full 0):
 garbage-first heap   total 131072K, used 26054K [0x0000000080000000, 0x0000000100000000)
  region size 1024K, 22 young (22528K), 5 survivors (5120K)
 Metaspace       used 20525K, capacity 21141K, committed 21248K, reserved 1067008K
  class space    used 2458K, capacity 2741K, committed 2816K, reserved 1048576K
}
Event: 3.571 GC heap after
{Heap after GC invocations=5 (full 0):
 garbage-first heap   total 131072K, used 11230K [0x0000000080000000, 0x0000000100000000)
  region size 1024K, 3 young (3072K), 3 survivors (3072K)
 Metaspace       used 20525K, capacity 21141K, committed 21248K, reserved 1067008K
  class space    used 2458K, capacity 2741K, committed 2816K, reserved 1048576K
}
Event: 4.023 GC heap before
{Heap before GC invocations=6 (full 0):
 garbage-first heap   total 131072K, used 52190K [0x0000000080000000, 0x0000000100000000)
  region size 1024K, 44 young (45056K), 3 survivors (3072K)
 Metaspace       used 24761K, capacity 25516K, committed 25856K, reserved 1071104K
  class space    used 3163K, capacity 3496K, committed 3584K, reserved 1048576K
}
Event: 4.036 GC heap after
{Heap after GC invocations=7 (full 0):
 garbage-first heap   total 131072K, used 12664K [0x0000000080000000, 0x0000000100000000)
  region size 1024K, 5 young (5120K), 5 survivors (5120K)
 Metaspace       used 24761K, capacity 25516K, committed 25856K, reserved 1071104K
  class space    used 3163K, capacity 3496K, committed 3584K, reserved 1048576K
}
Event: 4.175 GC heap before
{Heap before GC invocations=7 (full 0):
 garbage-first heap   total 131072K, used 62840K [0x0000000080000000, 0x0000000100000000)
  region size 1024K, 55 young (56320K), 5 survivors (5120K)
 Metaspace       used 26305K, capacity 27134K, committed 27264K, reserved 1073152K
  class space    used 3333K, capacity 3678K, committed 3712K, reserved 1048576K
}

Deoptimization events (0 events):
No events

Classes redefined (0 events):
No events

Internal exceptions (10 events):
Event: 3.909 Thread 0x000001ca4e170800 Exception <a 'java/lang/ClassNotFoundException'{0x0000000085d09870}: org/springframework/context/ApplicationStartupAwareCustomizer> (0x0000000085d09870) thrown at [./open/src/hotspot/share/classfile/systemDictionary.cpp, line 227]
Event: 3.910 Thread 0x000001ca4e170800 Exception <a 'java/lang/ClassNotFoundException'{0x0000000085d21b80}: org/springframework/beans/factory/AwareCustomizer> (0x0000000085d21b80) thrown at [./open/src/hotspot/share/classfile/systemDictionary.cpp, line 227]
Event: 3.911 Thread 0x000001ca4e170800 Exception <a 'java/lang/ClassNotFoundException'{0x0000000085d3bc28}: org/springframework/beans/factory/BeanClassLoaderAwareCustomizer> (0x0000000085d3bc28) thrown at [./open/src/hotspot/share/classfile/systemDictionary.cpp, line 227]
Event: 3.914 Thread 0x000001ca4e170800 Exception <a 'java/lang/ClassNotFoundException'{0x0000000085d53cd8}: org/springframework/beans/factory/AwareCustomizer> (0x0000000085d53cd8) thrown at [./open/src/hotspot/share/classfile/systemDictionary.cpp, line 227]
Event: 3.914 Thread 0x000001ca4e170800 Exception <a 'java/lang/ClassNotFoundException'{0x0000000085d6c120}: org/springframework/context/EnvironmentAwareCustomizer> (0x0000000085d6c120) thrown at [./open/src/hotspot/share/classfile/systemDictionary.cpp, line 227]
Event: 3.916 Thread 0x000001ca4e170800 Exception <a 'java/lang/ClassNotFoundException'{0x0000000085d84398}: org/springframework/beans/factory/AwareCustomizer> (0x0000000085d84398) thrown at [./open/src/hotspot/share/classfile/systemDictionary.cpp, line 227]
Event: 4.123 Thread 0x000001ca6d3b3000 Exception <a 'java/lang/NoSuchMethodError'{0x0000000087592c28}: java.lang.invoke.DirectMethodHandle$Holder.invokeStaticInit(Ljava/lang/Object;Ljava/lang/Object;Ljava/lang/Object;Ljava/lang/Object;Ljava/lang/Object;)Ljava/lang/Object;> (0x0000000087592c28)
Event: 4.141 Thread 0x000001ca6d3b3000 Exception <a 'java/lang/NoSuchMethodError'{0x0000000084cb6070}: java.lang.invoke.DirectMethodHandle$Holder.invokeSpecial(Ljava/lang/Object;Ljava/lang/Object;IILjava/lang/Object;Ljava/lang/Object;Ljava/lang/Object;)Ljava/lang/Object;> (0x0000000084cb6070) 
Event: 4.141 Thread 0x000001ca6d3b3000 Exception <a 'java/lang/NoSuchMethodError'{0x0000000084cb95f8}: java.lang.invoke.DelegatingMethodHandle$Holder.reinvoke_L(Ljava/lang/Object;IILjava/lang/Object;Ljava/lang/Object;Ljava/lang/Object;)Ljava/lang/Object;> (0x0000000084cb95f8) thrown at [./open
Event: 4.142 Thread 0x000001ca6d3b3000 Exception <a 'java/lang/NoSuchMethodError'{0x0000000084cbd3d8}: java.lang.invoke.DirectMethodHandle$Holder.invokeStatic(Ljava/lang/Object;Ljava/lang/Object;Ljava/lang/Object;Ljava/lang/Object;I)Ljava/lang/Object;> (0x0000000084cbd3d8) thrown at [./open/sr

Events (10 events):
Event: 4.174 loading class io/rsocket/core/RSocketServer done
Event: 4.174 loading class com/fasterxml/jackson/databind/module/SimpleModule
Event: 4.174 loading class com/fasterxml/jackson/databind/module/SimpleModule done
Event: 4.174 loading class io/netty/buffer/PooledByteBufAllocator
Event: 4.174 loading class io/netty/buffer/PooledByteBufAllocator done
Event: 4.174 loading class org/springframework/security/authentication/DefaultAuthenticationEventPublisher
Event: 4.174 loading class org/springframework/security/authentication/DefaultAuthenticationEventPublisher done
Event: 4.175 loading class org/springframework/security/authentication/AuthenticationManager
Event: 4.175 loading class org/springframework/security/authentication/AuthenticationManager done
Event: 4.175 Executing VM operation: G1CollectForAllocation


Dynamic libraries:
0x00007ff63a6e0000 - 0x00007ff63a6ef000 	C:\Program Files\Java\jdk-11.0.13\bin\javaw.exe
0x00007fff781d0000 - 0x00007fff783c5000 	C:\Windows\SYSTEM32\ntdll.dll
0x00007fff766b0000 - 0x00007fff7676d000 	C:\Windows\System32\KERNEL32.DLL
0x00007fff75f50000 - 0x00007fff7621d000 	C:\Windows\System32\KERNELBASE.dll
0x00007fff75df0000 - 0x00007fff75ef0000 	C:\Windows\System32\ucrtbase.dll
0x00007fff56750000 - 0x00007fff56765000 	C:\Program Files\Java\jdk-11.0.13\bin\VCRUNTIME140.dll
0x00007fff527d0000 - 0x00007fff527e8000 	C:\Program Files\Java\jdk-11.0.13\bin\jli.dll
0x00007fff77200000 - 0x00007fff772ae000 	C:\Windows\System32\ADVAPI32.dll
0x00007fff77640000 - 0x00007fff776de000 	C:\Windows\System32\msvcrt.dll
0x00007fff77ad0000 - 0x00007fff77b6c000 	C:\Windows\System32\sechost.dll
0x00007fff78060000 - 0x00007fff78185000 	C:\Windows\System32\RPCRT4.dll
0x00007fff776e0000 - 0x00007fff77880000 	C:\Windows\System32\USER32.dll
0x00007fff75ef0000 - 0x00007fff75f12000 	C:\Windows\System32\win32u.dll
0x00007fff55380000 - 0x00007fff5561a000 	C:\Windows\WinSxS\amd64_microsoft.windows.common-controls_6595b64144ccf1df_6.0.19041.1110_none_60b5254171f9507e\COMCTL32.dll
0x00007fff77910000 - 0x00007fff7793a000 	C:\Windows\System32\GDI32.dll
0x00007fff75ae0000 - 0x00007fff75beb000 	C:\Windows\System32\gdi32full.dll
0x00007fff75bf0000 - 0x00007fff75c8d000 	C:\Windows\System32\msvcp_win.dll
0x00007fff6d840000 - 0x00007fff6d84a000 	C:\Windows\SYSTEM32\VERSION.dll
0x00007fff76820000 - 0x00007fff76850000 	C:\Windows\System32\IMM32.DLL
0x00007fff48060000 - 0x00007fff480fb000 	C:\Program Files\Java\jdk-11.0.13\bin\msvcp140.dll
0x00007fff27450000 - 0x00007fff27f63000 	C:\Program Files\Java\jdk-11.0.13\bin\server\jvm.dll
0x00007fff779a0000 - 0x00007fff779a8000 	C:\Windows\System32\PSAPI.DLL
0x00007fff62ca0000 - 0x00007fff62ca9000 	C:\Windows\SYSTEM32\WSOCK32.dll
0x00007fff77570000 - 0x00007fff775db000 	C:\Windows\System32\WS2_32.dll
0x00007fff56570000 - 0x00007fff56597000 	C:\Windows\SYSTEM32\WINMM.dll
0x00007fff736e0000 - 0x00007fff736f2000 	C:\Windows\SYSTEM32\kernel.appcore.dll
0x00007fff62d90000 - 0x00007fff62da0000 	C:\Program Files\Java\jdk-11.0.13\bin\verify.dll
0x00007fff67550000 - 0x00007fff67734000 	C:\Windows\SYSTEM32\DBGHELP.DLL
0x00007fff67900000 - 0x00007fff6792c000 	C:\Windows\SYSTEM32\dbgcore.DLL
0x00007fff75a00000 - 0x00007fff75a82000 	C:\Windows\System32\bcryptPrimitives.dll
0x00007fff51cc0000 - 0x00007fff51ce8000 	C:\Program Files\Java\jdk-11.0.13\bin\java.dll
0x00007fff62d60000 - 0x00007fff62d6a000 	C:\Program Files\Java\jdk-11.0.13\bin\jimage.dll
0x00007fff51ca0000 - 0x00007fff51cb6000 	C:\Program Files\Java\jdk-11.0.13\bin\zip.dll
0x00007fff76850000 - 0x00007fff76f94000 	C:\Windows\System32\SHELL32.dll
0x00007fff739c0000 - 0x00007fff74154000 	C:\Windows\SYSTEM32\windows.storage.dll
0x00007fff762f0000 - 0x00007fff76644000 	C:\Windows\System32\combase.dll
0x00007fff75190000 - 0x00007fff751bc000 	C:\Windows\SYSTEM32\Wldp.dll
0x00007fff76770000 - 0x00007fff7681d000 	C:\Windows\System32\SHCORE.dll
0x00007fff775e0000 - 0x00007fff77635000 	C:\Windows\System32\shlwapi.dll
0x00007fff75820000 - 0x00007fff7583f000 	C:\Windows\SYSTEM32\profapi.dll
0x00007fff51c80000 - 0x00007fff51c99000 	C:\Program Files\Java\jdk-11.0.13\bin\net.dll
0x00007fff6d3e0000 - 0x00007fff6d4ea000 	C:\Windows\SYSTEM32\WINHTTP.dll
0x00007fff74f70000 - 0x00007fff74fda000 	C:\Windows\system32\mswsock.dll
0x00007fff51b70000 - 0x00007fff51b82000 	C:\Program Files\Java\jdk-11.0.13\bin\nio.dll
0x00007fff62ce0000 - 0x00007fff62ce9000 	C:\Program Files\Java\jdk-11.0.13\bin\management.dll
0x00007fff5ed60000 - 0x00007fff5ed6b000 	C:\Program Files\Java\jdk-11.0.13\bin\management_ext.dll
0x00007fff5bf70000 - 0x00007fff5bf87000 	C:\Windows\system32\napinsp.dll
0x00007fff5bf50000 - 0x00007fff5bf6b000 	C:\Windows\system32\pnrpnsp.dll
0x00007fff5bf30000 - 0x00007fff5bf45000 	C:\Windows\system32\wshbth.dll
0x00007fff71280000 - 0x00007fff7129d000 	C:\Windows\system32\NLAapi.dll
0x00007fff74c80000 - 0x00007fff74cbb000 	C:\Windows\SYSTEM32\IPHLPAPI.DLL
0x00007fff74cc0000 - 0x00007fff74d8b000 	C:\Windows\SYSTEM32\DNSAPI.dll
0x00007fff78050000 - 0x00007fff78058000 	C:\Windows\System32\NSI.dll
0x00007fff5bd10000 - 0x00007fff5bd22000 	C:\Windows\System32\winrnr.dll
0x00007fff6cba0000 - 0x00007fff6cbaa000 	C:\Windows\System32\rasadhlp.dll
0x00007fff6d600000 - 0x00007fff6d680000 	C:\Windows\System32\fwpuclnt.dll
0x00007fff75f20000 - 0x00007fff75f47000 	C:\Windows\System32\bcrypt.dll
0x00007fff751d0000 - 0x00007fff751e8000 	C:\Windows\SYSTEM32\CRYPTSP.dll
0x00007fff74910000 - 0x00007fff74944000 	C:\Windows\system32\rsaenh.dll
0x00007fff757a0000 - 0x00007fff757ce000 	C:\Windows\SYSTEM32\USERENV.dll
0x00007fff75100000 - 0x00007fff7510c000 	C:\Windows\SYSTEM32\CRYPTBASE.dll
0x00007fff6e290000 - 0x00007fff6e2a7000 	C:\Windows\SYSTEM32\dhcpcsvc6.DLL
0x00007fff6e270000 - 0x00007fff6e28d000 	C:\Windows\SYSTEM32\dhcpcsvc.DLL

dbghelp: loaded successfully - version: 4.0.5 - missing functions: none
symbol engine: initialized successfully - sym options: 0x614 - pdb path: .;C:\Program Files\Java\jdk-11.0.13\bin;C:\Windows\SYSTEM32;C:\Windows\WinSxS\amd64_microsoft.windows.common-controls_6595b64144ccf1df_6.0.19041.1110_none_60b5254171f9507e;C:\Program Files\Java\jdk-11.0.13\bin\server

VM Arguments:
jvm_args: -Dcom.sun.management.jmxremote -Dcom.sun.management.jmxremote.port=54042 -Dcom.sun.management.jmxremote.authenticate=false -Dcom.sun.management.jmxremote.ssl=false -Djava.rmi.server.hostname=localhost -Dspring.jmx.enabled=true -Dspring.application.admin.enabled=true -XX:TieredStopAtLevel=1 -Dspring.boot.project.name=PensionerDetailMicroserviceSecurity -Dfile.encoding=UTF-8 
java_command: com.demo.PensionerDetailMicroserviceSecurityApplication --spring.output.ansi.enabled=always
java_class_path (initial): C:\Users\sfjbs\Documents\workspace-spring-tool-suite-4-4.14.1.RELEASE\PensionerDetailMicroserviceSecurity\target\classes;C:\Users\sfjbs\.m2\repository\org\springframework\boot\spring-boot-starter-data-jpa\2.7.0\spring-boot-starter-data-jpa-2.7.0.jar;C:\Users\sfjbs\.m2\repository\org\springframework\boot\spring-boot-starter-aop\2.7.0\spring-boot-starter-aop-2.7.0.jar;C:\Users\sfjbs\.m2\repository\org\springframework\spring-aop\5.3.20\spring-aop-5.3.20.jar;C:\Users\sfjbs\.m2\repository\org\aspectj\aspectjweaver\1.9.7\aspectjweaver-1.9.7.jar;C:\Users\sfjbs\.m2\repository\org\springframework\boot\spring-boot-starter-jdbc\2.7.0\spring-boot-starter-jdbc-2.7.0.jar;C:\Users\sfjbs\.m2\repository\com\zaxxer\HikariCP\4.0.3\HikariCP-4.0.3.jar;C:\Users\sfjbs\.m2\repository\org\springframework\spring-jdbc\5.3.20\spring-jdbc-5.3.20.jar;C:\Users\sfjbs\.m2\repository\jakarta\transaction\jakarta.transaction-api\1.3.3\jakarta.transaction-api-1.3.3.jar;C:\Users\sfjbs\.m2\repository\jakarta\persistence\jakarta.persistence-api\2.2.3\jakarta.persistence-api-2.2.3.jar;C:\Users\sfjbs\.m2\repository\org\hibernate\hibernate-core\5.6.9.Final\hibernate-core-5.6.9.Final.jar;C:\Users\sfjbs\.m2\repository\org\jboss\logging\jboss-logging\3.4.3.Final\jboss-logging-3.4.3.Final.jar;C:\Users\sfjbs\.m2\repository\net\bytebuddy\byte-buddy\1.12.10\byte-buddy-1.12.10.jar;C:\Users\sfjbs\.m2\repository\antlr\antlr\2.7.7\antlr-2.7.7.jar;C:\Users\sfjbs\.m2\repository\org\jboss\jandex\2.4.2.Final\jandex-2.4.2.Final.jar;C:\Users\sfjbs\.m2\repository\com\fasterxml\classmate\1.5.1\classmate-1.5.1.jar;C:\Users\sfjbs\.m2\repository\org\hibernate\common\hibernate-commons-annotations\5.1.2.Final\hibernate-commons-annotations-5.1.2.Final.jar;C:\Users\sfjbs\.m2\repository\org\glassfish\jaxb\jaxb-runtime\2.3.6\jaxb-runtime-2.3.6.jar;C:\Users\sfjbs\.m2\repository\org\glassfish\jaxb\txw2\2.3.6\txw2-2.3.6.jar;C:\Users\sfjbs\.m2\repository\com\sun\istack\istack-commons-runtime\3.0.12\istack-commo
Launcher Type: SUN_STANDARD

[Global flags]
     intx CICompilerCount                          = 2                                         {product} {ergonomic}
     uint ConcGCThreads                            = 1                                         {product} {ergonomic}
     uint G1ConcRefinementThreads                  = 2                                         {product} {ergonomic}
   size_t G1HeapRegionSize                         = 1048576                                   {product} {ergonomic}
    uintx GCDrainStackTargetSize                   = 64                                        {product} {ergonomic}
   size_t InitialHeapSize                          = 134217728                                 {product} {ergonomic}
     bool ManagementServer                         = true                                      {product} {command line}
   size_t MarkStackSize                            = 4194304                                   {product} {ergonomic}
   size_t MaxHeapSize                              = 2147483648                                {product} {ergonomic}
   size_t MaxNewSize                               = 1287651328                                {product} {ergonomic}
   size_t MinHeapDeltaBytes                        = 1048576                                   {product} {ergonomic}
    uintx NonNMethodCodeHeapSize                   = 6396312                                {pd product} {ergonomic}
    uintx NonProfiledCodeHeapSize                  = 245261928                              {pd product} {ergonomic}
    uintx ProfiledCodeHeapSize                     = 0                                      {pd product} {ergonomic}
    uintx ReservedCodeCacheSize                    = 251658240                              {pd product} {ergonomic}
     bool SegmentedCodeCache                       = true                                      {product} {ergonomic}
     intx TieredStopAtLevel                        = 1                                         {product} {command line}
     bool UseCompressedClassPointers               = true                                 {lp64_product} {ergonomic}
     bool UseCompressedOops                        = true                                 {lp64_product} {ergonomic}
     bool UseG1GC                                  = true                                      {product} {ergonomic}
     bool UseLargePagesIndividualAllocation        = false                                  {pd product} {ergonomic}

Logging:
Log output configuration:
 #0: stdout all=warning uptime,level,tags
 #1: stderr all=off uptime,level,tags

Environment Variables:
PATH=C:/Users/sfjbs/Downloads/sts-4.14.1.RELEASE//plugins/org.eclipse.justj.openjdk.hotspot.jre.full.win32.x86_64_17.0.2.v20220201-1208/jre/bin/server;C:/Users/sfjbs/Downloads/sts-4.14.1.RELEASE//plugins/org.eclipse.justj.openjdk.hotspot.jre.full.win32.x86_64_17.0.2.v20220201-1208/jre/bin;C:\Program Files\Common Files\Oracle\Java\javapath;C:\Windows\system32;C:\Windows;C:\Windows\System32\Wbem;C:\Windows\System32\WindowsPowerShell\v1.0\;C:\Windows\System32\OpenSSH\;C:\Users\sfjbs\Downloads\javamicro-20220514T101246Z-001\javamicro\apache-maven-3.8.5-bin\apache-maven-3.8.5\bin;C:\Users\sfjbs\Downloads\javamicro-20220514T101246Z-001\javamicro\apache-maven-3.8.5-bin\apache-maven-3.8.5\lib;C:\Program Files\Git\cmd;C:\Program Files\Docker\Docker\resources\bin;C:\ProgramData\DockerDesktop\version-bin;C:\Users\sfjbs\AppData\Local\Microsoft\WindowsApps;C:\Users\sfjbs\Downloads\javamicro-20220514T101246Z-001\javamicro\apache-maven-3.8.5-bin\apache-maven-3.8.5\bin;C:\Users\sfjbs\Downloads\javamicro-20220514T101246Z-001\javamicro\apache-maven-3.8.5-bin\apache-maven-3.8.5\lib;;C:\Program Files\JetBrains\IntelliJ IDEA Community Edition 2021.3.3\bin;;C:\Users\sfjbs\Downloads\sts-4.14.1.RELEASE;
USERNAME=sfjbs
OS=Windows_NT
PROCESSOR_IDENTIFIER=Intel64 Family 6 Model 85 Stepping 7, GenuineIntel



---------------  S Y S T E M  ---------------

OS: Windows 10 , 64 bit Build 19041 (10.0.19041.1706)
Hyper-V role detected

CPU:total 2 (initial active 2) (1 cores per cpu, 2 threads per core) family 6 model 85 stepping 7 microcode 0xffffffff, cmov, cx8, fxsr, mmx, sse, sse2, sse3, ssse3, sse4.1, sse4.2, popcnt, avx, avx2, aes, clmul, erms, rtm, 3dnowpref, lzcnt, ht, tsc, bmi1, bmi2, adx, evex, fma

Memory: 4k page, system-wide physical 8190M (1452M free)
TotalPageFile size 10238M (AvailPageFile size 13M)
current process WorkingSet (physical memory assigned to process): 137M, peak: 137M
current process commit charge ("private bytes"): 229M, peak: 255M

vm_info: Java HotSpot(TM) 64-Bit Server VM (11.0.13+10-LTS-370) for windows-amd64 JRE (11.0.13+10-LTS-370), built on Sep 15 2021 22:10:36 by "mach5one" with MS VC++ 15.9 (VS2017)

END.
